{"C:\\Users\\jared\\OneDrive\\Documents\\GitHub\\Music-Schmusic\\packages\\express-backend\\db.js": {"path":"C:\\Users\\jared\\OneDrive\\Documents\\GitHub\\Music-Schmusic\\packages\\express-backend\\db.js","statementMap":{"0":{"start":{"line":4,"column":0},"end":{"line":4,"column":16}},"1":{"start":{"line":6,"column":18},"end":{"line":24,"column":1}},"2":{"start":{"line":7,"column":2},"end":{"line":10,"column":3}},"3":{"start":{"line":8,"column":4},"end":{"line":8,"column":61}},"4":{"start":{"line":9,"column":4},"end":{"line":9,"column":11}},"5":{"start":{"line":13,"column":2},"end":{"line":23,"column":3}},"6":{"start":{"line":14,"column":17},"end":{"line":17,"column":6}},"7":{"start":{"line":18,"column":4},"end":{"line":18,"column":62}},"8":{"start":{"line":19,"column":4},"end":{"line":19,"column":20}},"9":{"start":{"line":21,"column":4},"end":{"line":21,"column":62}},"10":{"start":{"line":22,"column":4},"end":{"line":22,"column":20}}},"fnMap":{"0":{"name":"(anonymous_0)","decl":{"start":{"line":6,"column":18},"end":{"line":6,"column":19}},"loc":{"start":{"line":6,"column":30},"end":{"line":24,"column":1}},"line":6}},"branchMap":{"0":{"loc":{"start":{"line":7,"column":2},"end":{"line":10,"column":3}},"type":"if","locations":[{"start":{"line":7,"column":2},"end":{"line":10,"column":3}},{"start":{},"end":{}}],"line":7}},"s":{"0":2,"1":2,"2":0,"3":0,"4":0,"5":0,"6":0,"7":0,"8":0,"9":0,"10":0},"f":{"0":0},"b":{"0":[0,0]},"inputSourceMap":null,"_coverageSchema":"1a1c01bbd47fc00a2c39e90264f33305004495a9","hash":"96e51baec7513beb97cc10cf58b5cc1d761a55c8"}
,"C:\\Users\\jared\\OneDrive\\Documents\\GitHub\\Music-Schmusic\\packages\\express-backend\\dbrequests.js": {"path":"C:\\Users\\jared\\OneDrive\\Documents\\GitHub\\Music-Schmusic\\packages\\express-backend\\dbrequests.js","statementMap":{"0":{"start":{"line":7,"column":0},"end":{"line":7,"column":28}},"1":{"start":{"line":11,"column":2},"end":{"line":11,"column":19}},"2":{"start":{"line":15,"column":2},"end":{"line":17,"column":3}},"3":{"start":{"line":16,"column":4},"end":{"line":16,"column":31}},"4":{"start":{"line":18,"column":2},"end":{"line":18,"column":22}},"5":{"start":{"line":22,"column":13},"end":{"line":22,"column":29}},"6":{"start":{"line":23,"column":20},"end":{"line":23,"column":51}},"7":{"start":{"line":24,"column":13},"end":{"line":24,"column":60}},"8":{"start":{"line":25,"column":2},"end":{"line":25,"column":14}},"9":{"start":{"line":29,"column":13},"end":{"line":29,"column":29}},"10":{"start":{"line":30,"column":20},"end":{"line":30,"column":51}},"11":{"start":{"line":31,"column":23},"end":{"line":31,"column":45}},"12":{"start":{"line":32,"column":15},"end":{"line":32,"column":40}},"13":{"start":{"line":33,"column":2},"end":{"line":33,"column":14}},"14":{"start":{"line":37,"column":13},"end":{"line":37,"column":29}},"15":{"start":{"line":38,"column":20},"end":{"line":38,"column":51}},"16":{"start":{"line":41,"column":15},"end":{"line":41,"column":41}},"17":{"start":{"line":42,"column":17},"end":{"line":42,"column":49}},"18":{"start":{"line":45,"column":22},"end":{"line":49,"column":3}},"19":{"start":{"line":51,"column":2},"end":{"line":51,"column":21}},"20":{"start":{"line":55,"column":13},"end":{"line":55,"column":29}},"21":{"start":{"line":56,"column":20},"end":{"line":56,"column":51}},"22":{"start":{"line":57,"column":2},"end":{"line":61,"column":4}},"23":{"start":{"line":65,"column":2},"end":{"line":67,"column":3}},"24":{"start":{"line":66,"column":4},"end":{"line":66,"column":45}},"25":{"start":{"line":69,"column":13},"end":{"line":69,"column":29}},"26":{"start":{"line":70,"column":20},"end":{"line":70,"column":51}},"27":{"start":{"line":71,"column":15},"end":{"line":71,"column":41}},"28":{"start":{"line":72,"column":2},"end":{"line":74,"column":3}},"29":{"start":{"line":73,"column":4},"end":{"line":73,"column":42}},"30":{"start":{"line":75,"column":2},"end":{"line":75,"column":69}},"31":{"start":{"line":85,"column":13},"end":{"line":85,"column":29}},"32":{"start":{"line":86,"column":20},"end":{"line":86,"column":51}},"33":{"start":{"line":87,"column":2},"end":{"line":91,"column":4}},"34":{"start":{"line":95,"column":13},"end":{"line":95,"column":29}},"35":{"start":{"line":96,"column":20},"end":{"line":96,"column":51}},"36":{"start":{"line":97,"column":2},"end":{"line":101,"column":4}},"37":{"start":{"line":107,"column":2},"end":{"line":115,"column":5}},"38":{"start":{"line":124,"column":24},"end":{"line":127,"column":4}},"39":{"start":{"line":129,"column":19},"end":{"line":129,"column":60}},"40":{"start":{"line":129,"column":47},"end":{"line":129,"column":59}},"41":{"start":{"line":130,"column":25},"end":{"line":130,"column":47}},"42":{"start":{"line":132,"column":22},"end":{"line":137,"column":4}},"43":{"start":{"line":138,"column":2},"end":{"line":138,"column":28}},"44":{"start":{"line":142,"column":26},"end":{"line":156,"column":4}},"45":{"start":{"line":157,"column":2},"end":{"line":157,"column":25}},"46":{"start":{"line":162,"column":23},"end":{"line":164,"column":4}},"47":{"start":{"line":165,"column":26},"end":{"line":167,"column":4}},"48":{"start":{"line":168,"column":2},"end":{"line":171,"column":4}}},"fnMap":{"0":{"name":"setDataBaseConn","decl":{"start":{"line":10,"column":9},"end":{"line":10,"column":24}},"loc":{"start":{"line":10,"column":28},"end":{"line":12,"column":1}},"line":10},"1":{"name":"getdbcon","decl":{"start":{"line":14,"column":9},"end":{"line":14,"column":17}},"loc":{"start":{"line":14,"column":20},"end":{"line":19,"column":1}},"line":14},"2":{"name":"getAccount","decl":{"start":{"line":21,"column":15},"end":{"line":21,"column":25}},"loc":{"start":{"line":21,"column":36},"end":{"line":26,"column":1}},"line":21},"3":{"name":"addAccount","decl":{"start":{"line":28,"column":15},"end":{"line":28,"column":25}},"loc":{"start":{"line":28,"column":35},"end":{"line":34,"column":1}},"line":28},"4":{"name":"followUser","decl":{"start":{"line":36,"column":15},"end":{"line":36,"column":25}},"loc":{"start":{"line":36,"column":52},"end":{"line":52,"column":1}},"line":36},"5":{"name":"unfollowUser","decl":{"start":{"line":54,"column":15},"end":{"line":54,"column":27}},"loc":{"start":{"line":54,"column":54},"end":{"line":62,"column":1}},"line":54},"6":{"name":"setPrivacyState","decl":{"start":{"line":64,"column":15},"end":{"line":64,"column":30}},"loc":{"start":{"line":64,"column":49},"end":{"line":76,"column":1}},"line":64},"7":{"name":"addSongToBlock","decl":{"start":{"line":84,"column":15},"end":{"line":84,"column":29}},"loc":{"start":{"line":84,"column":46},"end":{"line":92,"column":1}},"line":84},"8":{"name":"removeSongFromBock","decl":{"start":{"line":94,"column":15},"end":{"line":94,"column":33}},"loc":{"start":{"line":94,"column":50},"end":{"line":102,"column":1}},"line":94},"9":{"name":"getSpotifyStatistics","decl":{"start":{"line":106,"column":9},"end":{"line":106,"column":29}},"loc":{"start":{"line":106,"column":58},"end":{"line":116,"column":1}},"line":106},"10":{"name":"createPlaylistFromListening","decl":{"start":{"line":118,"column":15},"end":{"line":118,"column":42}},"loc":{"start":{"line":123,"column":2},"end":{"line":139,"column":1}},"line":123},"11":{"name":"(anonymous_11)","decl":{"start":{"line":129,"column":37},"end":{"line":129,"column":38}},"loc":{"start":{"line":129,"column":47},"end":{"line":129,"column":59}},"line":129},"12":{"name":"getRecommendations","decl":{"start":{"line":141,"column":15},"end":{"line":141,"column":33}},"loc":{"start":{"line":141,"column":53},"end":{"line":158,"column":1}},"line":141},"13":{"name":"getUserStatistics","decl":{"start":{"line":161,"column":15},"end":{"line":161,"column":32}},"loc":{"start":{"line":161,"column":41},"end":{"line":172,"column":1}},"line":161}},"branchMap":{"0":{"loc":{"start":{"line":15,"column":2},"end":{"line":17,"column":3}},"type":"if","locations":[{"start":{"line":15,"column":2},"end":{"line":17,"column":3}},{"start":{},"end":{}}],"line":15},"1":{"loc":{"start":{"line":65,"column":2},"end":{"line":67,"column":3}},"type":"if","locations":[{"start":{"line":65,"column":2},"end":{"line":67,"column":3}},{"start":{},"end":{}}],"line":65},"2":{"loc":{"start":{"line":65,"column":6},"end":{"line":65,"column":49}},"type":"binary-expr","locations":[{"start":{"line":65,"column":6},"end":{"line":65,"column":25}},{"start":{"line":65,"column":29},"end":{"line":65,"column":49}}],"line":65},"3":{"loc":{"start":{"line":72,"column":2},"end":{"line":74,"column":3}},"type":"if","locations":[{"start":{"line":72,"column":2},"end":{"line":74,"column":3}},{"start":{},"end":{}}],"line":72},"4":{"loc":{"start":{"line":141,"column":42},"end":{"line":141,"column":51}},"type":"default-arg","locations":[{"start":{"line":141,"column":50},"end":{"line":141,"column":51}}],"line":141}},"s":{"0":2,"1":2,"2":50,"3":0,"4":50,"5":30,"6":30,"7":30,"8":30,"9":13,"10":13,"11":13,"12":13,"13":13,"14":1,"15":1,"16":1,"17":1,"18":1,"19":1,"20":0,"21":0,"22":0,"23":7,"24":1,"25":6,"26":6,"27":6,"28":6,"29":1,"30":5,"31":0,"32":0,"33":0,"34":0,"35":0,"36":0,"37":0,"38":0,"39":0,"40":0,"41":0,"42":0,"43":0,"44":0,"45":0,"46":0,"47":0,"48":0},"f":{"0":2,"1":50,"2":30,"3":13,"4":1,"5":0,"6":7,"7":0,"8":0,"9":0,"10":0,"11":0,"12":0,"13":0},"b":{"0":[0,50],"1":[1,6],"2":[7,1],"3":[1,5],"4":[0]},"inputSourceMap":null,"_coverageSchema":"1a1c01bbd47fc00a2c39e90264f33305004495a9","hash":"f0a173d3dfadc58cbdee25bc6420514a22861fed"}
,"C:\\Users\\jared\\OneDrive\\Documents\\GitHub\\Music-Schmusic\\packages\\express-backend\\Functionality\\account.js": {"path":"C:\\Users\\jared\\OneDrive\\Documents\\GitHub\\Music-Schmusic\\packages\\express-backend\\Functionality\\account.js","statementMap":{"0":{"start":{"line":4,"column":17},"end":{"line":4,"column":44}},"1":{"start":{"line":5,"column":17},"end":{"line":5,"column":55}},"2":{"start":{"line":7,"column":2},"end":{"line":18,"column":3}},"3":{"start":{"line":8,"column":4},"end":{"line":15,"column":6}},"4":{"start":{"line":17,"column":4},"end":{"line":17,"column":47}},"5":{"start":{"line":22,"column":2},"end":{"line":22,"column":66}},"6":{"start":{"line":26,"column":15},"end":{"line":26,"column":55}},"7":{"start":{"line":27,"column":2},"end":{"line":29,"column":3}},"8":{"start":{"line":28,"column":4},"end":{"line":28,"column":50}},"9":{"start":{"line":30,"column":30},"end":{"line":33,"column":18}},"10":{"start":{"line":34,"column":2},"end":{"line":36,"column":3}},"11":{"start":{"line":35,"column":4},"end":{"line":35,"column":41}},"12":{"start":{"line":37,"column":2},"end":{"line":37,"column":50}},"13":{"start":{"line":38,"column":2},"end":{"line":38,"column":56}},"14":{"start":{"line":44,"column":23},"end":{"line":44,"column":56}},"15":{"start":{"line":45,"column":2},"end":{"line":47,"column":3}},"16":{"start":{"line":46,"column":4},"end":{"line":46,"column":42}},"17":{"start":{"line":48,"column":2},"end":{"line":53,"column":3}},"18":{"start":{"line":49,"column":4},"end":{"line":49,"column":44}},"19":{"start":{"line":50,"column":4},"end":{"line":50,"column":13}},"20":{"start":{"line":52,"column":4},"end":{"line":52,"column":55}},"21":{"start":{"line":57,"column":2},"end":{"line":57,"column":49}}},"fnMap":{"0":{"name":"createAccount","decl":{"start":{"line":3,"column":15},"end":{"line":3,"column":28}},"loc":{"start":{"line":3,"column":35},"end":{"line":19,"column":1}},"line":3},"1":{"name":"hashPassword","decl":{"start":{"line":21,"column":9},"end":{"line":21,"column":21}},"loc":{"start":{"line":21,"column":32},"end":{"line":23,"column":1}},"line":21},"2":{"name":"login","decl":{"start":{"line":25,"column":15},"end":{"line":25,"column":20}},"loc":{"start":{"line":25,"column":48},"end":{"line":39,"column":1}},"line":25},"3":{"name":"follow","decl":{"start":{"line":41,"column":15},"end":{"line":41,"column":21}},"loc":{"start":{"line":41,"column":38},"end":{"line":54,"column":1}},"line":41},"4":{"name":"setPrivacyStatus","decl":{"start":{"line":56,"column":15},"end":{"line":56,"column":31}},"loc":{"start":{"line":56,"column":50},"end":{"line":58,"column":1}},"line":56}},"branchMap":{"0":{"loc":{"start":{"line":7,"column":2},"end":{"line":18,"column":3}},"type":"if","locations":[{"start":{"line":7,"column":2},"end":{"line":18,"column":3}},{"start":{"line":16,"column":9},"end":{"line":18,"column":3}}],"line":7},"1":{"loc":{"start":{"line":27,"column":2},"end":{"line":29,"column":3}},"type":"if","locations":[{"start":{"line":27,"column":2},"end":{"line":29,"column":3}},{"start":{},"end":{}}],"line":27},"2":{"loc":{"start":{"line":34,"column":2},"end":{"line":36,"column":3}},"type":"if","locations":[{"start":{"line":34,"column":2},"end":{"line":36,"column":3}},{"start":{},"end":{}}],"line":34},"3":{"loc":{"start":{"line":45,"column":2},"end":{"line":47,"column":3}},"type":"if","locations":[{"start":{"line":45,"column":2},"end":{"line":47,"column":3}},{"start":{},"end":{}}],"line":45},"4":{"loc":{"start":{"line":48,"column":2},"end":{"line":53,"column":3}},"type":"if","locations":[{"start":{"line":48,"column":2},"end":{"line":53,"column":3}},{"start":{"line":51,"column":9},"end":{"line":53,"column":3}}],"line":48}},"s":{"0":14,"1":14,"2":14,"3":13,"4":1,"5":17,"6":3,"7":3,"8":1,"9":2,"10":2,"11":1,"12":1,"13":1,"14":3,"15":3,"16":1,"17":2,"18":1,"19":1,"20":1,"21":7},"f":{"0":14,"1":17,"2":3,"3":3,"4":7},"b":{"0":[13,1],"1":[1,2],"2":[1,1],"3":[1,2],"4":[1,1]},"inputSourceMap":null,"_coverageSchema":"1a1c01bbd47fc00a2c39e90264f33305004495a9","hash":"6814b9cbd726d64c6b2bb3d12683b6a1569bffe1"}
,"C:\\Users\\jared\\OneDrive\\Documents\\GitHub\\Music-Schmusic\\packages\\express-backend\\schemas\\listeningData.js": {"path":"C:\\Users\\jared\\OneDrive\\Documents\\GitHub\\Music-Schmusic\\packages\\express-backend\\schemas\\listeningData.js","statementMap":{"0":{"start":{"line":5,"column":28},"end":{"line":33,"column":1}},"1":{"start":{"line":35,"column":22},"end":{"line":35,"column":74}}},"fnMap":{},"branchMap":{},"s":{"0":2,"1":2},"f":{},"b":{},"inputSourceMap":null,"_coverageSchema":"1a1c01bbd47fc00a2c39e90264f33305004495a9","hash":"f5786850b1190bd7b2649c4833f027312c1302cf"}
,"C:\\Users\\jared\\OneDrive\\Documents\\GitHub\\Music-Schmusic\\packages\\express-backend\\schemas\\playlist.js": {"path":"C:\\Users\\jared\\OneDrive\\Documents\\GitHub\\Music-Schmusic\\packages\\express-backend\\schemas\\playlist.js","statementMap":{"0":{"start":{"line":3,"column":23},"end":{"line":31,"column":1}},"1":{"start":{"line":33,"column":17},"end":{"line":33,"column":59}}},"fnMap":{},"branchMap":{},"s":{"0":2,"1":2},"f":{},"b":{},"inputSourceMap":null,"_coverageSchema":"1a1c01bbd47fc00a2c39e90264f33305004495a9","hash":"fc7f97983f8465e31745ae8a20e476405683418f"}
,"C:\\Users\\jared\\OneDrive\\Documents\\GitHub\\Music-Schmusic\\packages\\express-backend\\schemas\\user.js": {"path":"C:\\Users\\jared\\OneDrive\\Documents\\GitHub\\Music-Schmusic\\packages\\express-backend\\schemas\\user.js","statementMap":{"0":{"start":{"line":3,"column":22},"end":{"line":34,"column":1}}},"fnMap":{},"branchMap":{},"s":{"0":2},"f":{},"b":{},"inputSourceMap":null,"_coverageSchema":"1a1c01bbd47fc00a2c39e90264f33305004495a9","hash":"bb49c30ca10da2e50a180ff65900cc60581cd996"}
}
