TN:
SF:packages\express-backend\db.js
FN:6,(anonymous_0)
FNF:1
FNH:0
FNDA:0,(anonymous_0)
DA:4,2
DA:6,2
DA:7,0
DA:8,0
DA:9,0
DA:13,0
DA:14,0
DA:18,0
DA:19,0
DA:21,0
DA:22,0
LF:11
LH:2
BRDA:7,0,0,0
BRDA:7,0,1,0
BRF:2
BRH:0
end_of_record
TN:
SF:packages\express-backend\dbrequests.js
FN:10,setDataBaseConn
FN:14,getdbcon
FN:21,getAccount
FN:28,addAccount
FN:36,followUser
FN:50,unfollowUser
FN:63,setPrivacyState
FN:83,addSongToBlock
FN:93,removeSongFromBock
FN:105,getSpotifyStatistics
FN:117,createPlaylistFromListening
FN:128,(anonymous_11)
FN:140,getRecommendations
FN:160,getUserStatistics
FNF:14
FNH:7
FNDA:2,setDataBaseConn
FNDA:66,getdbcon
FNDA:38,getAccount
FNDA:16,addAccount
FNDA:2,followUser
FNDA:1,unfollowUser
FNDA:10,setPrivacyState
FNDA:0,addSongToBlock
FNDA:0,removeSongFromBock
FNDA:0,getSpotifyStatistics
FNDA:0,createPlaylistFromListening
FNDA:0,(anonymous_11)
FNDA:0,getRecommendations
FNDA:0,getUserStatistics
DA:7,2
DA:11,2
DA:15,66
DA:16,0
DA:18,66
DA:22,38
DA:23,38
DA:24,38
DA:25,38
DA:29,16
DA:30,16
DA:31,16
DA:32,16
DA:33,16
DA:37,2
DA:38,2
DA:41,2
DA:47,2
DA:51,1
DA:52,1
DA:55,1
DA:60,1
DA:64,10
DA:65,1
DA:68,9
DA:69,9
DA:70,9
DA:71,9
DA:72,1
DA:74,8
DA:84,0
DA:85,0
DA:86,0
DA:94,0
DA:95,0
DA:96,0
DA:106,0
DA:123,0
DA:128,0
DA:129,0
DA:131,0
DA:137,0
DA:141,0
DA:156,0
DA:161,0
DA:164,0
DA:167,0
LF:47
LH:29
BRDA:15,0,0,0
BRDA:15,0,1,66
BRDA:64,1,0,1
BRDA:64,1,1,9
BRDA:64,2,0,10
BRDA:64,2,1,1
BRDA:71,3,0,1
BRDA:71,3,1,8
BRDA:140,4,0,0
BRF:9
BRH:7
end_of_record
TN:
SF:packages\express-backend\Functionality\account.js
FN:3,createAccount
FN:21,hashPassword
FN:25,login
FN:41,follow
FN:56,unfollow
FN:66,setPrivacyStatus
FNF:6
FNH:6
FNDA:17,createAccount
FNDA:20,hashPassword
FNDA:3,login
FNDA:4,follow
FNDA:2,unfollow
FNDA:10,setPrivacyStatus
DA:4,17
DA:5,17
DA:7,17
DA:8,16
DA:17,1
DA:22,20
DA:26,3
DA:27,3
DA:28,1
DA:30,2
DA:34,2
DA:35,1
DA:37,1
DA:38,1
DA:44,4
DA:45,4
DA:46,1
DA:48,3
DA:49,2
DA:50,2
DA:52,1
DA:58,2
DA:59,2
DA:60,1
DA:62,1
DA:63,1
DA:67,10
LF:27
LH:27
BRDA:7,0,0,16
BRDA:7,0,1,1
BRDA:27,1,0,1
BRDA:27,1,1,2
BRDA:34,2,0,1
BRDA:34,2,1,1
BRDA:45,3,0,1
BRDA:45,3,1,3
BRDA:48,4,0,2
BRDA:48,4,1,1
BRDA:59,5,0,1
BRDA:59,5,1,1
BRF:12
BRH:12
end_of_record
TN:
SF:packages\express-backend\schemas\listeningData.js
FNF:0
FNH:0
DA:5,2
DA:35,2
LF:2
LH:2
BRF:0
BRH:0
end_of_record
TN:
SF:packages\express-backend\schemas\playlist.js
FNF:0
FNH:0
DA:3,2
DA:33,2
LF:2
LH:2
BRF:0
BRH:0
end_of_record
TN:
SF:packages\express-backend\schemas\user.js
FNF:0
FNH:0
DA:3,2
LF:1
LH:1
BRF:0
BRH:0
end_of_record
