TN:
SF:packages\express-backend\db.js
FN:6,(anonymous_0)
FNF:1
FNH:0
FNDA:0,(anonymous_0)
DA:4,2
DA:6,2
DA:7,0
DA:8,0
DA:9,0
DA:13,0
DA:14,0
DA:18,0
DA:19,0
DA:21,0
DA:22,0
LF:11
LH:2
BRDA:7,0,0,0
BRDA:7,0,1,0
BRF:2
BRH:0
end_of_record
TN:
SF:packages\express-backend\dbrequests.js
FN:10,setDataBaseConn
FN:14,getdbcon
FN:21,getAccount
FN:28,addAccount
FN:36,followUser
FN:54,unfollowUser
FN:64,setPrivacyState
FN:84,addSongToBlock
FN:94,removeSongFromBock
FN:106,getSpotifyStatistics
FN:118,createPlaylistFromListening
FN:129,(anonymous_11)
FN:141,getRecommendations
FN:161,getUserStatistics
FNF:14
FNH:6
FNDA:2,setDataBaseConn
FNDA:50,getdbcon
FNDA:30,getAccount
FNDA:13,addAccount
FNDA:1,followUser
FNDA:0,unfollowUser
FNDA:7,setPrivacyState
FNDA:0,addSongToBlock
FNDA:0,removeSongFromBock
FNDA:0,getSpotifyStatistics
FNDA:0,createPlaylistFromListening
FNDA:0,(anonymous_11)
FNDA:0,getRecommendations
FNDA:0,getUserStatistics
DA:7,2
DA:11,2
DA:15,50
DA:16,0
DA:18,50
DA:22,30
DA:23,30
DA:24,30
DA:25,30
DA:29,13
DA:30,13
DA:31,13
DA:32,13
DA:33,13
DA:37,1
DA:38,1
DA:41,1
DA:42,1
DA:45,1
DA:51,1
DA:55,0
DA:56,0
DA:57,0
DA:65,7
DA:66,1
DA:69,6
DA:70,6
DA:71,6
DA:72,6
DA:73,1
DA:75,5
DA:85,0
DA:86,0
DA:87,0
DA:95,0
DA:96,0
DA:97,0
DA:107,0
DA:124,0
DA:129,0
DA:130,0
DA:132,0
DA:138,0
DA:142,0
DA:157,0
DA:162,0
DA:165,0
DA:168,0
LF:48
LH:27
BRDA:15,0,0,0
BRDA:15,0,1,50
BRDA:65,1,0,1
BRDA:65,1,1,6
BRDA:65,2,0,7
BRDA:65,2,1,1
BRDA:72,3,0,1
BRDA:72,3,1,5
BRDA:141,4,0,0
BRF:9
BRH:7
end_of_record
TN:
SF:packages\express-backend\Functionality\account.js
FN:3,createAccount
FN:21,hashPassword
FN:25,login
FN:41,follow
FN:56,setPrivacyStatus
FNF:5
FNH:5
FNDA:14,createAccount
FNDA:17,hashPassword
FNDA:3,login
FNDA:3,follow
FNDA:7,setPrivacyStatus
DA:4,14
DA:5,14
DA:7,14
DA:8,13
DA:17,1
DA:22,17
DA:26,3
DA:27,3
DA:28,1
DA:30,2
DA:34,2
DA:35,1
DA:37,1
DA:38,1
DA:44,3
DA:45,3
DA:46,1
DA:48,2
DA:49,1
DA:50,1
DA:52,1
DA:57,7
LF:22
LH:22
BRDA:7,0,0,13
BRDA:7,0,1,1
BRDA:27,1,0,1
BRDA:27,1,1,2
BRDA:34,2,0,1
BRDA:34,2,1,1
BRDA:45,3,0,1
BRDA:45,3,1,2
BRDA:48,4,0,1
BRDA:48,4,1,1
BRF:10
BRH:10
end_of_record
TN:
SF:packages\express-backend\schemas\listeningData.js
FNF:0
FNH:0
DA:5,2
DA:35,2
LF:2
LH:2
BRF:0
BRH:0
end_of_record
TN:
SF:packages\express-backend\schemas\playlist.js
FNF:0
FNH:0
DA:3,2
DA:33,2
LF:2
LH:2
BRF:0
BRH:0
end_of_record
TN:
SF:packages\express-backend\schemas\user.js
FNF:0
FNH:0
DA:3,2
LF:1
LH:1
BRF:0
BRH:0
end_of_record
